<?xml version="1.0" encoding="UTF-8"?>
<!-- Generated by org.testng.reporters.JUnitReportReporter -->
<testsuite hostname="DESKTOP-IC96NIA" failures="0" tests="1" name="com.w2a.testcases.BankManagerLoginTest" time="3.860" errors="0" timestamp="2019-10-14T18:00:54 IST" skipped="0">
  <testcase classname="com.w2a.testcases.BankManagerLoginTest" name="bankManagerLoginTest" time="3.860"/>
</testsuite> <!-- com.w2a.testcases.BankManagerLoginTest -->
